<?xml version="1.0" encoding="UTF-8"?>
<!-- Generated by org.testng.reporters.JUnitReportReporter -->
<testsuite skipped="0" hostname="Eriks-MacBook-Pro.local" name="canary.MembershipValidationMX" tests="1" failures="0" timestamp="30 Nov 2017 02:56:05 GMT" time="2.184" errors="0">
  <testcase name="httpAction" time="2.184" classname="canary.MembershipValidationMX"/>
</testsuite> <!-- canary.MembershipValidationMX -->
